InitConnectionLimits: MaxClients = 2048

Xvnc TigerVNC 1.9.0 - built Oct 31 2018 19:07:52
Copyright (C) 1999-2018 TigerVNC Team and many others (see README.rst)
See http://www.tigervnc.org for information on TigerVNC.
Underlying X server release 12003000, The X.Org Foundation


Tue Nov 13 12:23:45 2018
 vncext:      VNC extension running!
 vncext:      Listening for VNC connections on all interface(s), port 5904
 vncext:      created VNC server for screen 0
Sync Extension 3.1
[dix] Could not init font path element /data/data/com.termux/files/usr/share/fonts/misc/, removing from list!
[dix] Could not init font path element /data/data/com.termux/files/usr/share/fonts/TTF/, removing from list!
[dix] Could not init font path element /data/data/com.termux/files/usr/share/fonts/OTF/, removing from list!
[dix] Could not init font path element /data/data/com.termux/files/usr/share/fonts/Type1/, removing from list!
[dix] Could not init font path element /data/data/com.termux/files/usr/share/fonts/100dpi/, removing from list!
[dix] Could not init font path element /data/data/com.termux/files/usr/share/fonts/75dpi/, removing from list!
Popen: `"/data/data/com.termux/files/usr/bin/xkbcomp" -w 1 "-R/data/data/com.termux/files/usr/share/X11/xkb" -xkm "-" -em1 "The XKEYBOARD keymap compiler (xkbcomp) reports:" -emp "> " -eml "Errors from xkbcomp are not fatal to the X server" "/data/data/com.termux/files/usr/tmp/server-4.xkm"', fp = 0x7fb6395f68
Pclose: fp = 0x7fb6395f68
The XKEYBOARD keymap compiler (xkbcomp) reports:
> Warning:          Unsupported high keycode 372 for name <I372> ignored
>                   X11 cannot support keycodes above 255.
>                   This warning only shows for the first high keycode.
Errors from xkbcomp are not fatal to the X server
Loaded XKB keymap /data/data/com.termux/files/usr/tmp/server-4.xkm, defined=0x7f
client(0): Reserved pid(21886).
client(0): Reserved cmdname(/data/data/com.termux/files/usr/bin/Xvnc) and cmdargs(:4 -geometry 910x512 -auth /data/data/com.termux/files/home/.Xauthority -desktop localhost:4 () -pn -rfbauth /data/data/com.termux/files/home/.vnc/passwd -rfbport 5904 -rfbwait 30000).
client(200000): Reserved pid(21897).
client(200000): Reserved cmdname(/data/data/com.termux/files/usr/bin/openbox) and cmdargs(--startup /data/data/com.termux/files/usr/libexec/openbox-autostart OPENBOX).
AllocNewConnection: client index = 1, socket fd = 9
client(400000): Reserved pid(21901).
client(400000): Reserved cmdname(xsetroot) and cmdargs(-solid gray).
AllocNewConnection: client index = 2, socket fd = 10
client(400000): Released pid(21901).
client(400000): Released cmdline(xsetroot) and cmdargs(-solid gray).
ERROR: openbox-xdg-autostart requires PyXDG to be installed


client(400000): Reserved pid(21902).
client(400000): Reserved cmdname(/data/data/com.termux/files/usr/bin/python2) and cmdargs(/data/data/com.termux/files/usr/bin/pypanel).
AllocNewConnection: client index = 2, socket fd = 10
client(600000): Reserved pid(21902).
client(600000): Reserved cmdname(/data/data/com.termux/files/usr/bin/python2) and cmdargs(/data/data/com.termux/files/usr/bin/pypanel).
AllocNewConnection: client index = 3, socket fd = 11
Not using O_TMPFILE
XIO:  fatal IO error 11 (Try again) on X server ":4"
      after 1502 requests (1502 known processed) with 0 events remaining.
client(200000): Released pid(21897).
client(200000): Released cmdline(/data/data/com.termux/files/usr/bin/openbox) and cmdargs(--startup /data/data/com.termux/files/usr/libexec/openbox-autostart OPENBOX).
client(400000): Released pid(21902).
client(400000): Released cmdline(/data/data/com.termux/files/usr/bin/python2) and cmdargs(/data/data/com.termux/files/usr/bin/pypanel).
client(600000): Released pid(21902).
client(600000): Released cmdline(/data/data/com.termux/files/usr/bin/python2) and cmdargs(/data/data/com.termux/files/usr/bin/pypanel).

Tue Nov 13 12:24:16 2018
 ComparingUpdateTracker: 0 pixels in / 0 pixels out
 ComparingUpdateTracker: (1:nan ratio)
(dix) removing device 2
(dix) removing device 3
(dix) removing device 5
(dix) removing device 4
(dix) removing device 7
(dix) removing device 6
Traceback (most recent call last):
  File "/data/data/com.termux/files/usr/bin/pypanel", line 961, in <module>
    PyPanel(display.Display())
  File "/data/data/com.termux/files/usr/bin/pypanel", line 98, in __init__
    self.loop(self.display, self.root, self.window, self.panel)
  File "/data/data/com.termux/files/usr/bin/pypanel", line 873, in loop
client(0): Released pid(21886).
    client(0): Released cmdline(/data/data/com.termux/files/usr/bin/Xvnc) and cmdargs(:4 -geometry 910x512 -auth /data/data/com.termux/files/home/.Xauthority -desktop localhost:4 () -pn -rfbauth /data/data/com.termux/files/home/.vnc/passwd -rfbport 5904 -rfbwait 30000).
self.updateTasks(dsp, root, win, panel, 1)                      
  File "/data/data/com.termux/files/usr/bin/pypanel", line 731, in updateTasks
    cdt   = self.getDesktop()
  File "/data/data/com.termux/files/usr/bin/pypanel", line 386, in getDesktop
    return self.root.get_full_property(self._CURRENT_DESKTOP, Xatom.CARDINAL).value[0]  
  File "/data/data/com.termux/files/usr/lib/python2.7/site-packages/Xlib/xobject/drawable.py", line 472, in get_full_property
    prop = self.get_property(property, property_type, 0, sizehint)
  File "/data/data/com.termux/files/usr/lib/python2.7/site-packages/Xlib/xobject/drawable.py", line 461, in get_property
    long_length = length)
  File "/data/data/com.termux/files/usr/lib/python2.7/site-packages/Xlib/protocol/rq.py", line 1369, in __init__
    self.reply()
  File "/data/data/com.termux/files/usr/lib/python2.7/site-packages/Xlib/protocol/rq.py", line 1381, in reply
    self._display.send_and_recv(request = self._serial)
  File "/data/data/com.termux/files/usr/lib/python2.7/site-packages/Xlib/protocol/display.py", line 587, in send_and_recv
    raise self.socket_error
Xlib.error.ConnectionClosedError: Display connection closed by server: Broken pipe
